2023-02-24 00:02:01,139 [MessageBroker-8] DEBUG org.hibernate.SQL 103 - select order0_.id as id1_9_, order0_.created_date as created_2_9_, order0_.id_buyer as id_buyer3_9_, order0_.id_product as id_produ4_9_, order0_.id_redirect as id_redir5_9_, order0_.id_seller as id_selle6_9_, order0_.id_status as id_statu7_9_, order0_.id_type as id_type8_9_, order0_.price as price9_9_, order0_.rate as rate10_9_, order0_.updated_date as updated11_9_ from orders order0_ where order0_.created_date<=? and order0_.id_status=1
2023-02-24 00:02:01,144 [MessageBroker-8] DEBUG org.hibernate.SQL 103 - select order0_.id as id1_9_0_, order0_.created_date as created_2_9_0_, order0_.id_buyer as id_buyer3_9_0_, order0_.id_product as id_produ4_9_0_, order0_.id_redirect as id_redir5_9_0_, order0_.id_seller as id_selle6_9_0_, order0_.id_status as id_statu7_9_0_, order0_.id_type as id_type8_9_0_, order0_.price as price9_9_0_, order0_.rate as rate10_9_0_, order0_.updated_date as updated11_9_0_ from orders order0_ where order0_.id=?
2023-02-24 00:02:01,147 [MessageBroker-8] DEBUG org.hibernate.SQL 103 - select order0_.id as id1_9_, order0_.created_date as created_2_9_, order0_.id_buyer as id_buyer3_9_, order0_.id_product as id_produ4_9_, order0_.id_redirect as id_redir5_9_, order0_.id_seller as id_selle6_9_, order0_.id_status as id_statu7_9_, order0_.id_type as id_type8_9_, order0_.price as price9_9_, order0_.rate as rate10_9_, order0_.updated_date as updated11_9_ from orders order0_ where order0_.id_redirect=?
2023-02-24 00:02:01,148 [MessageBroker-8] ERROR org.springframework.scheduling.support.TaskUtils$LoggingErrorHandler 96 - Unexpected error occurred in scheduled task.
org.springframework.dao.IncorrectResultSizeDataAccessException: query did not return a unique result: 10; nested exception is javax.persistence.NonUniqueResultException: query did not return a unique result: 10
	at org.springframework.orm.jpa.EntityManagerFactoryUtils.convertJpaAccessExceptionIfPossible(EntityManagerFactoryUtils.java:385)
	at org.springframework.orm.jpa.vendor.HibernateJpaDialect.translateExceptionIfPossible(HibernateJpaDialect.java:256)
	at org.springframework.orm.jpa.AbstractEntityManagerFactoryBean.translateExceptionIfPossible(AbstractEntityManagerFactoryBean.java:528)
	at org.springframework.dao.support.ChainedPersistenceExceptionTranslator.translateExceptionIfPossible(ChainedPersistenceExceptionTranslator.java:61)
	at org.springframework.dao.support.DataAccessUtils.translateIfNecessary(DataAccessUtils.java:242)
	at org.springframework.dao.support.PersistenceExceptionTranslationInterceptor.invoke(PersistenceExceptionTranslationInterceptor.java:153)
	at org.springframework.aop.framework.ReflectiveMethodInvocation.proceed(ReflectiveMethodInvocation.java:186)
	at org.springframework.data.jpa.repository.support.CrudMethodMetadataPostProcessor$CrudMethodMetadataPopulatingMethodInterceptor.invoke(CrudMethodMetadataPostProcessor.java:144)
	at org.springframework.aop.framework.ReflectiveMethodInvocation.proceed(ReflectiveMethodInvocation.java:186)
	at org.springframework.data.jpa.repository.support.CrudMethodMetadataPostProcessor$ExposeRepositoryInvocationInterceptor.invoke(CrudMethodMetadataPostProcessor.java:364)
	at org.springframework.aop.framework.ReflectiveMethodInvocation.proceed(ReflectiveMethodInvocation.java:186)
	at org.springframework.aop.interceptor.ExposeInvocationInterceptor.invoke(ExposeInvocationInterceptor.java:93)
	at org.springframework.aop.framework.ReflectiveMethodInvocation.proceed(ReflectiveMethodInvocation.java:186)
	at org.springframework.data.repository.core.support.SurroundingTransactionDetectorMethodInterceptor.invoke(SurroundingTransactionDetectorMethodInterceptor.java:61)
	at org.springframework.aop.framework.ReflectiveMethodInvocation.proceed(ReflectiveMethodInvocation.java:186)
	at org.springframework.aop.framework.JdkDynamicAopProxy.invoke(JdkDynamicAopProxy.java:212)
	at com.sun.proxy.$Proxy117.findByIdRedirect(Unknown Source)
	at com.market.online.user.service.OrderService.getByIdRedirect(OrderService.java:40)
	at com.market.online.config.scheduler.SchedulerConfig.cancelOrder(SchedulerConfig.java:54)
	at com.market.online.config.scheduler.SchedulerConfig.lambda$updateAutoCancelOrder$2(SchedulerConfig.java:46)
	at com.market.online.config.scheduler.SchedulerConfig$$Lambda$984/1323572557.accept(Unknown Source)
	at java.util.ArrayList.forEach(ArrayList.java:1249)
	at com.market.online.config.scheduler.SchedulerConfig.updateAutoCancelOrder(SchedulerConfig.java:45)
	at sun.reflect.NativeMethodAccessorImpl.invoke0(Native Method)
	at sun.reflect.NativeMethodAccessorImpl.invoke(NativeMethodAccessorImpl.java:62)
	at sun.reflect.DelegatingMethodAccessorImpl.invoke(DelegatingMethodAccessorImpl.java:43)
	at java.lang.reflect.Method.invoke(Method.java:497)
	at org.springframework.scheduling.support.ScheduledMethodRunnable.run(ScheduledMethodRunnable.java:84)
	at org.springframework.scheduling.support.DelegatingErrorHandlingRunnable.run(DelegatingErrorHandlingRunnable.java:54)
	at java.util.concurrent.Executors$RunnableAdapter.call(Executors.java:511)
	at java.util.concurrent.FutureTask.runAndReset(FutureTask.java:308)
	at java.util.concurrent.ScheduledThreadPoolExecutor$ScheduledFutureTask.access$301(ScheduledThreadPoolExecutor.java:180)
	at java.util.concurrent.ScheduledThreadPoolExecutor$ScheduledFutureTask.run(ScheduledThreadPoolExecutor.java:294)
	at java.util.concurrent.ThreadPoolExecutor.runWorker(ThreadPoolExecutor.java:1142)
	at java.util.concurrent.ThreadPoolExecutor$Worker.run(ThreadPoolExecutor.java:617)
	at java.lang.Thread.run(Thread.java:745)
Caused by: javax.persistence.NonUniqueResultException: query did not return a unique result: 10
	at org.hibernate.internal.ExceptionConverterImpl.convert(ExceptionConverterImpl.java:128)
	at org.hibernate.query.internal.AbstractProducedQuery.getSingleResult(AbstractProducedQuery.java:1561)
	at org.hibernate.query.criteria.internal.compile.CriteriaQueryTypeQueryAdapter.getSingleResult(CriteriaQueryTypeQueryAdapter.java:109)
	at sun.reflect.GeneratedMethodAccessor142.invoke(Unknown Source)
	at sun.reflect.DelegatingMethodAccessorImpl.invoke(DelegatingMethodAccessorImpl.java:43)
	at java.lang.reflect.Method.invoke(Method.java:497)
	at org.springframework.orm.jpa.SharedEntityManagerCreator$DeferredQueryInvocationHandler.invoke(SharedEntityManagerCreator.java:404)
	at com.sun.proxy.$Proxy138.getSingleResult(Unknown Source)
	at org.springframework.data.jpa.repository.query.JpaQueryExecution$SingleEntityExecution.doExecute(JpaQueryExecution.java:221)
	at org.springframework.data.jpa.repository.query.JpaQueryExecution.execute(JpaQueryExecution.java:91)
	at org.springframework.data.jpa.repository.query.AbstractJpaQuery.doExecute(AbstractJpaQuery.java:136)
	at org.springframework.data.jpa.repository.query.AbstractJpaQuery.execute(AbstractJpaQuery.java:125)
	at org.springframework.data.repository.core.support.RepositoryFactorySupport$QueryExecutorMethodInterceptor.doInvoke(RepositoryFactorySupport.java:605)
	at org.springframework.data.repository.core.support.RepositoryFactorySupport$QueryExecutorMethodInterceptor.lambda$invoke$3(RepositoryFactorySupport.java:595)
	at org.springframework.data.repository.core.support.RepositoryFactorySupport$QueryExecutorMethodInterceptor$$Lambda$879/536742609.get(Unknown Source)
	at org.springframework.data.repository.util.QueryExecutionConverters$$Lambda$878/1667165965.apply(Unknown Source)
	at org.springframework.data.repository.core.support.RepositoryFactorySupport$QueryExecutorMethodInterceptor.invoke(RepositoryFactorySupport.java:595)
	at org.springframework.aop.framework.ReflectiveMethodInvocation.proceed(ReflectiveMethodInvocation.java:186)
	at org.springframework.data.projection.DefaultMethodInvokingMethodInterceptor.invoke(DefaultMethodInvokingMethodInterceptor.java:59)
	at org.springframework.aop.framework.ReflectiveMethodInvocation.proceed(ReflectiveMethodInvocation.java:186)
	at org.springframework.transaction.interceptor.TransactionInterceptor$$Lambda$877/1185317748.proceedWithInvocation(Unknown Source)
	at org.springframework.transaction.interceptor.TransactionAspectSupport.invokeWithinTransaction(TransactionAspectSupport.java:295)
	at org.springframework.transaction.interceptor.TransactionInterceptor.invoke(TransactionInterceptor.java:98)
	at org.springframework.aop.framework.ReflectiveMethodInvocation.proceed(ReflectiveMethodInvocation.java:186)
	at org.springframework.dao.support.PersistenceExceptionTranslationInterceptor.invoke(PersistenceExceptionTranslationInterceptor.java:139)
	... 30 common frames omitted
2023-02-24 00:02:36,198 [http-nio-8888-exec-7] DEBUG org.hibernate.SQL 103 - select category0_.id as col_0_0_, category0_.name as col_1_0_, category0_.content as col_2_0_, media1_.id as col_3_0_, media1_.url as col_4_0_ from category category0_ left outer join media media1_ on (category0_.id_media=media1_.id)
2023-02-24 00:02:36,208 [http-nio-8888-exec-6] DEBUG org.hibernate.SQL 103 - select category0_.id as col_0_0_, category0_.name as col_1_0_, category0_.content as col_2_0_, media1_.id as col_3_0_, media1_.url as col_4_0_ from category category0_ left outer join media media1_ on (category0_.id_media=media1_.id)
2023-02-24 00:02:36,209 [http-nio-8888-exec-6] DEBUG org.hibernate.SQL 103 - select product0_.id as col_0_0_, product0_.id_category as col_1_0_, product0_.id_user as col_2_0_, product0_.name as col_3_0_, product0_.price as col_4_0_, product0_.price_verify as col_5_0_, post1_.id as col_6_0_, post1_.total_view as col_7_0_, post1_.total_like as col_8_0_, post1_.total_follow as col_9_0_, post1_.total_comment as col_10_0_, media4_.url as col_11_0_, postuser3_.had_view as col_12_0_, postuser3_.had_like as col_13_0_, postuser3_.had_follow as col_14_0_ from product product0_ inner join post post1_ on (product0_.id=post1_.id_product) inner join post_media postmedia2_ on (post1_.id=postmedia2_.id_post and postmedia2_.id_type=3) left outer join post_user postuser3_ on (post1_.id=postuser3_.id_post and postuser3_.id_user=?) inner join media media4_ on (postmedia2_.id_media=media4_.id) where product0_.id_status=6 and (?=0 or product0_.id_user<>?) order by post1_.total_like DESC
2023-02-24 00:02:36,266 [http-nio-8888-exec-5] DEBUG org.hibernate.SQL 103 - select category0_.id as col_0_0_, category0_.name as col_1_0_, category0_.content as col_2_0_, media1_.id as col_3_0_, media1_.url as col_4_0_ from category category0_ left outer join media media1_ on (category0_.id_media=media1_.id)
2023-02-24 00:02:36,266 [http-nio-8888-exec-4] DEBUG org.hibernate.SQL 103 - select category0_.id as col_0_0_, category0_.name as col_1_0_, category0_.content as col_2_0_, media1_.id as col_3_0_, media1_.url as col_4_0_ from category category0_ left outer join media media1_ on (category0_.id_media=media1_.id)
2023-02-24 00:02:36,267 [http-nio-8888-exec-5] DEBUG org.hibernate.SQL 103 - select category0_.id as col_0_0_, category0_.name as col_1_0_, category0_.content as col_2_0_, media1_.id as col_3_0_, media1_.url as col_4_0_ from category category0_ left outer join media media1_ on (category0_.id_media=media1_.id)
2023-02-24 00:02:36,268 [http-nio-8888-exec-4] DEBUG org.hibernate.SQL 103 - select category0_.id as col_0_0_, category0_.name as col_1_0_, category0_.content as col_2_0_, media1_.id as col_3_0_, media1_.url as col_4_0_ from category category0_ left outer join media media1_ on (category0_.id_media=media1_.id)
2023-02-24 00:02:36,279 [http-nio-8888-exec-10] DEBUG org.hibernate.SQL 103 - select category0_.id as col_0_0_, category0_.name as col_1_0_, category0_.content as col_2_0_, media1_.id as col_3_0_, media1_.url as col_4_0_ from category category0_ left outer join media media1_ on (category0_.id_media=media1_.id)
2023-02-24 00:02:36,281 [http-nio-8888-exec-10] DEBUG org.hibernate.SQL 103 - select product0_.id as col_0_0_, product0_.id_category as col_1_0_, product0_.id_user as col_2_0_, product0_.name as col_3_0_, product0_.price as col_4_0_, product0_.price_verify as col_5_0_, post1_.id as col_6_0_, post1_.total_view as col_7_0_, post1_.total_like as col_8_0_, post1_.total_follow as col_9_0_, post1_.total_comment as col_10_0_, media4_.url as col_11_0_, postuser3_.had_view as col_12_0_, postuser3_.had_like as col_13_0_, postuser3_.had_follow as col_14_0_ from product product0_ inner join post post1_ on (product0_.id=post1_.id_product) inner join post_media postmedia2_ on (post1_.id=postmedia2_.id_post and postmedia2_.id_type=3) left outer join post_user postuser3_ on (post1_.id=postuser3_.id_post and postuser3_.id_user=?) inner join media media4_ on (postmedia2_.id_media=media4_.id) where product0_.id_status=6 and (?=0 or product0_.id_user<>?) order by post1_.total_like DESC
2023-02-24 00:02:36,286 [http-nio-8888-exec-2] DEBUG org.hibernate.SQL 103 - select category0_.id as col_0_0_, category0_.name as col_1_0_, category0_.content as col_2_0_, media1_.id as col_3_0_, media1_.url as col_4_0_ from category category0_ left outer join media media1_ on (category0_.id_media=media1_.id)
2023-02-24 00:02:36,287 [http-nio-8888-exec-2] DEBUG org.hibernate.SQL 103 - select product0_.id as col_0_0_, product0_.id_category as col_1_0_, product0_.id_user as col_2_0_, product0_.name as col_3_0_, product0_.price as col_4_0_, product0_.price_verify as col_5_0_, post1_.id as col_6_0_, post1_.total_view as col_7_0_, post1_.total_like as col_8_0_, post1_.total_follow as col_9_0_, post1_.total_comment as col_10_0_, media4_.url as col_11_0_, postuser3_.had_view as col_12_0_, postuser3_.had_like as col_13_0_, postuser3_.had_follow as col_14_0_ from product product0_ inner join post post1_ on (product0_.id=post1_.id_product) inner join post_media postmedia2_ on (post1_.id=postmedia2_.id_post and postmedia2_.id_type=3) left outer join post_user postuser3_ on (post1_.id=postuser3_.id_post and postuser3_.id_user=?) inner join media media4_ on (postmedia2_.id_media=media4_.id) where product0_.id_status=6 and (?=0 or product0_.id_user<>?) order by post1_.total_like DESC
2023-02-24 00:02:36,310 [http-nio-8888-exec-3] DEBUG org.hibernate.SQL 103 - select category0_.id as col_0_0_, category0_.name as col_1_0_, category0_.content as col_2_0_, media1_.id as col_3_0_, media1_.url as col_4_0_ from category category0_ left outer join media media1_ on (category0_.id_media=media1_.id)
2023-02-24 00:02:36,315 [http-nio-8888-exec-3] DEBUG org.hibernate.SQL 103 - select category0_.id as col_0_0_, category0_.name as col_1_0_, category0_.content as col_2_0_, media1_.id as col_3_0_, media1_.url as col_4_0_ from category category0_ left outer join media media1_ on (category0_.id_media=media1_.id)
2023-02-24 00:02:36,324 [http-nio-8888-exec-8] DEBUG org.hibernate.SQL 103 - select category0_.id as col_0_0_, category0_.name as col_1_0_, category0_.content as col_2_0_, media1_.id as col_3_0_, media1_.url as col_4_0_ from category category0_ left outer join media media1_ on (category0_.id_media=media1_.id)
2023-02-24 00:02:36,326 [http-nio-8888-exec-8] DEBUG org.hibernate.SQL 103 - select product0_.id as col_0_0_, product0_.id_category as col_1_0_, product0_.id_user as col_2_0_, product0_.name as col_3_0_, product0_.price as col_4_0_, product0_.price_verify as col_5_0_, post1_.id as col_6_0_, post1_.total_view as col_7_0_, post1_.total_like as col_8_0_, post1_.total_follow as col_9_0_, post1_.total_comment as col_10_0_, media4_.url as col_11_0_, postuser3_.had_view as col_12_0_, postuser3_.had_like as col_13_0_, postuser3_.had_follow as col_14_0_ from product product0_ inner join post post1_ on (product0_.id=post1_.id_product) inner join post_media postmedia2_ on (post1_.id=postmedia2_.id_post and postmedia2_.id_type=3) left outer join post_user postuser3_ on (post1_.id=postuser3_.id_post and postuser3_.id_user=?) inner join media media4_ on (postmedia2_.id_media=media4_.id) where product0_.id_status=6 and (?=0 or product0_.id_user<>?) order by post1_.total_like DESC
2023-02-24 00:02:37,625 [http-nio-8888-exec-1] DEBUG org.hibernate.SQL 103 - select category0_.id as col_0_0_, category0_.name as col_1_0_, category0_.content as col_2_0_, media1_.id as col_3_0_, media1_.url as col_4_0_ from category category0_ left outer join media media1_ on (category0_.id_media=media1_.id)
2023-02-24 00:02:37,634 [http-nio-8888-exec-9] DEBUG org.hibernate.SQL 103 - select category0_.id as col_0_0_, category0_.name as col_1_0_, category0_.content as col_2_0_, media1_.id as col_3_0_, media1_.url as col_4_0_ from category category0_ left outer join media media1_ on (category0_.id_media=media1_.id)
2023-02-24 00:02:37,635 [http-nio-8888-exec-9] DEBUG org.hibernate.SQL 103 - select product0_.id as col_0_0_, product0_.id_category as col_1_0_, product0_.id_user as col_2_0_, product0_.name as col_3_0_, product0_.price as col_4_0_, product0_.price_verify as col_5_0_, post1_.id as col_6_0_, post1_.total_view as col_7_0_, post1_.total_like as col_8_0_, post1_.total_follow as col_9_0_, post1_.total_comment as col_10_0_, media4_.url as col_11_0_, postuser3_.had_view as col_12_0_, postuser3_.had_like as col_13_0_, postuser3_.had_follow as col_14_0_ from product product0_ inner join post post1_ on (product0_.id=post1_.id_product) inner join post_media postmedia2_ on (post1_.id=postmedia2_.id_post and postmedia2_.id_type=3) left outer join post_user postuser3_ on (post1_.id=postuser3_.id_post and postuser3_.id_user=?) inner join media media4_ on (postmedia2_.id_media=media4_.id) where product0_.id_status=6 and (?=0 or product0_.id_user<>?) order by post1_.total_like DESC
2023-02-24 00:02:37,664 [http-nio-8888-exec-7] DEBUG org.hibernate.SQL 103 - select category0_.id as col_0_0_, category0_.name as col_1_0_, category0_.content as col_2_0_, media1_.id as col_3_0_, media1_.url as col_4_0_ from category category0_ left outer join media media1_ on (category0_.id_media=media1_.id)
2023-02-24 00:02:37,666 [http-nio-8888-exec-7] DEBUG org.hibernate.SQL 103 - select category0_.id as col_0_0_, category0_.name as col_1_0_, category0_.content as col_2_0_, media1_.id as col_3_0_, media1_.url as col_4_0_ from category category0_ left outer join media media1_ on (category0_.id_media=media1_.id)
2023-02-24 00:02:37,669 [http-nio-8888-exec-6] DEBUG org.hibernate.SQL 103 - select category0_.id as col_0_0_, category0_.name as col_1_0_, category0_.content as col_2_0_, media1_.id as col_3_0_, media1_.url as col_4_0_ from category category0_ left outer join media media1_ on (category0_.id_media=media1_.id)
2023-02-24 00:02:37,672 [http-nio-8888-exec-6] DEBUG org.hibernate.SQL 103 - select category0_.id as col_0_0_, category0_.name as col_1_0_, category0_.content as col_2_0_, media1_.id as col_3_0_, media1_.url as col_4_0_ from category category0_ left outer join media media1_ on (category0_.id_media=media1_.id)
2023-02-24 00:02:37,677 [http-nio-8888-exec-5] DEBUG org.hibernate.SQL 103 - select category0_.id as col_0_0_, category0_.name as col_1_0_, category0_.content as col_2_0_, media1_.id as col_3_0_, media1_.url as col_4_0_ from category category0_ left outer join media media1_ on (category0_.id_media=media1_.id)
2023-02-24 00:02:37,680 [http-nio-8888-exec-5] DEBUG org.hibernate.SQL 103 - select product0_.id as col_0_0_, product0_.id_category as col_1_0_, product0_.id_user as col_2_0_, product0_.name as col_3_0_, product0_.price as col_4_0_, product0_.price_verify as col_5_0_, post1_.id as col_6_0_, post1_.total_view as col_7_0_, post1_.total_like as col_8_0_, post1_.total_follow as col_9_0_, post1_.total_comment as col_10_0_, media4_.url as col_11_0_, postuser3_.had_view as col_12_0_, postuser3_.had_like as col_13_0_, postuser3_.had_follow as col_14_0_ from product product0_ inner join post post1_ on (product0_.id=post1_.id_product) inner join post_media postmedia2_ on (post1_.id=postmedia2_.id_post and postmedia2_.id_type=3) left outer join post_user postuser3_ on (post1_.id=postuser3_.id_post and postuser3_.id_user=?) inner join media media4_ on (postmedia2_.id_media=media4_.id) where product0_.id_status=6 and (?=0 or product0_.id_user<>?) order by post1_.total_like DESC
2023-02-24 00:02:37,685 [http-nio-8888-exec-4] DEBUG org.hibernate.SQL 103 - select category0_.id as col_0_0_, category0_.name as col_1_0_, category0_.content as col_2_0_, media1_.id as col_3_0_, media1_.url as col_4_0_ from category category0_ left outer join media media1_ on (category0_.id_media=media1_.id)
2023-02-24 00:02:37,687 [http-nio-8888-exec-4] DEBUG org.hibernate.SQL 103 - select product0_.id as col_0_0_, product0_.id_category as col_1_0_, product0_.id_user as col_2_0_, product0_.name as col_3_0_, product0_.price as col_4_0_, product0_.price_verify as col_5_0_, post1_.id as col_6_0_, post1_.total_view as col_7_0_, post1_.total_like as col_8_0_, post1_.total_follow as col_9_0_, post1_.total_comment as col_10_0_, media4_.url as col_11_0_, postuser3_.had_view as col_12_0_, postuser3_.had_like as col_13_0_, postuser3_.had_follow as col_14_0_ from product product0_ inner join post post1_ on (product0_.id=post1_.id_product) inner join post_media postmedia2_ on (post1_.id=postmedia2_.id_post and postmedia2_.id_type=3) left outer join post_user postuser3_ on (post1_.id=postuser3_.id_post and postuser3_.id_user=?) inner join media media4_ on (postmedia2_.id_media=media4_.id) where product0_.id_status=6 and (?=0 or product0_.id_user<>?) order by post1_.total_like DESC
2023-02-24 00:02:40,590 [http-nio-8888-exec-10] DEBUG org.hibernate.SQL 103 - select category0_.id as col_0_0_, category0_.name as col_1_0_, category0_.content as col_2_0_, media1_.id as col_3_0_, media1_.url as col_4_0_ from category category0_ left outer join media media1_ on (category0_.id_media=media1_.id)
2023-02-24 00:02:45,682 [http-nio-8888-exec-2] DEBUG org.hibernate.SQL 103 - select category0_.id as col_0_0_, category0_.name as col_1_0_, category0_.content as col_2_0_, media1_.id as col_3_0_, media1_.url as col_4_0_ from category category0_ left outer join media media1_ on (category0_.id_media=media1_.id)
2023-02-24 00:02:45,685 [http-nio-8888-exec-2] DEBUG org.hibernate.SQL 103 - select user0_.id as id1_18_, user0_.address as address2_18_, user0_.created_date as created_3_18_, user0_.email as email4_18_, user0_.full_name as full_nam5_18_, user0_.gender as gender6_18_, user0_.id_role as id_role7_18_, user0_.password as password8_18_, user0_.phone as phone9_18_, user0_.username as usernam10_18_ from user user0_ where user0_.username=?
2023-02-24 00:02:45,693 [http-nio-8888-exec-3] DEBUG org.hibernate.SQL 103 - select category0_.id as col_0_0_, category0_.name as col_1_0_, category0_.content as col_2_0_, media1_.id as col_3_0_, media1_.url as col_4_0_ from category category0_ left outer join media media1_ on (category0_.id_media=media1_.id)
2023-02-24 00:02:45,695 [http-nio-8888-exec-3] DEBUG org.hibernate.SQL 103 - select sum(postuser0_.had_like) as col_0_0_, sum(postuser0_.had_follow) as col_1_0_ from post_user postuser0_ inner join post post1_ on (postuser0_.id_post=post1_.id) inner join product product2_ on (post1_.id_product=product2_.id) where postuser0_.id_user=? and product2_.id_status=6
2023-02-24 00:02:45,697 [http-nio-8888-exec-3] DEBUG org.hibernate.SQL 103 - select count(message0_.id) as col_0_0_ from message message0_ where (message0_.id_group in (select groupmembe1_.id_group from group_member groupmembe1_ where groupmembe1_.id_user=?)) and message0_.id_user<>? and message0_.readed=0
2023-02-24 00:02:45,699 [http-nio-8888-exec-3] DEBUG org.hibernate.SQL 103 - select product0_.id as col_0_0_, product0_.id_category as col_1_0_, product0_.id_user as col_2_0_, product0_.name as col_3_0_, product0_.price as col_4_0_, product0_.price_verify as col_5_0_, post1_.id as col_6_0_, post1_.total_view as col_7_0_, post1_.total_like as col_8_0_, post1_.total_follow as col_9_0_, post1_.total_comment as col_10_0_, media4_.url as col_11_0_, postuser3_.had_view as col_12_0_, postuser3_.had_like as col_13_0_, postuser3_.had_follow as col_14_0_ from product product0_ inner join post post1_ on (product0_.id=post1_.id_product) inner join post_media postmedia2_ on (post1_.id=postmedia2_.id_post and postmedia2_.id_type=3) left outer join post_user postuser3_ on (post1_.id=postuser3_.id_post and postuser3_.id_user=?) inner join media media4_ on (postmedia2_.id_media=media4_.id) where product0_.id_status=6 and (?=0 or product0_.id_user<>?) order by post1_.total_like DESC
2023-02-24 00:02:45,700 [http-nio-8888-exec-3] DEBUG org.hibernate.SQL 103 - select product0_.id as col_0_0_, product0_.id_category as col_1_0_, product0_.id_user as col_2_0_, product0_.name as col_3_0_, product0_.price as col_4_0_, product0_.price_verify as col_5_0_, post1_.id as col_6_0_, post1_.total_view as col_7_0_, post1_.total_like as col_8_0_, post1_.total_follow as col_9_0_, post1_.total_comment as col_10_0_, media3_.url as col_11_0_, postuser4_.had_view as col_12_0_, postuser4_.had_like as col_13_0_, postuser4_.had_follow as col_14_0_ from product product0_ inner join post post1_ on (product0_.id=post1_.id_product) inner join post_media postmedia2_ on (post1_.id=postmedia2_.id_post and postmedia2_.id_type=3) inner join media media3_ on (postmedia2_.id_media=media3_.id) inner join post_user postuser4_ on (post1_.id=postuser4_.id_post and postuser4_.id_user=?) where product0_.id_status=6 and postuser4_.had_view=1 order by postuser4_.id DESC
2023-02-24 00:02:45,776 [http-nio-8888-exec-8] DEBUG org.hibernate.SQL 103 - select category0_.id as col_0_0_, category0_.name as col_1_0_, category0_.content as col_2_0_, media1_.id as col_3_0_, media1_.url as col_4_0_ from category category0_ left outer join media media1_ on (category0_.id_media=media1_.id)
2023-02-24 00:02:45,778 [http-nio-8888-exec-8] DEBUG org.hibernate.SQL 103 - select sum(postuser0_.had_like) as col_0_0_, sum(postuser0_.had_follow) as col_1_0_ from post_user postuser0_ inner join post post1_ on (postuser0_.id_post=post1_.id) inner join product product2_ on (post1_.id_product=product2_.id) where postuser0_.id_user=? and product2_.id_status=6
2023-02-24 00:02:45,781 [http-nio-8888-exec-8] DEBUG org.hibernate.SQL 103 - select count(message0_.id) as col_0_0_ from message message0_ where (message0_.id_group in (select groupmembe1_.id_group from group_member groupmembe1_ where groupmembe1_.id_user=?)) and message0_.id_user<>? and message0_.readed=0
2023-02-24 00:02:45,783 [http-nio-8888-exec-8] DEBUG org.hibernate.SQL 103 - select category0_.id as col_0_0_, category0_.name as col_1_0_, category0_.content as col_2_0_, media1_.id as col_3_0_, media1_.url as col_4_0_ from category category0_ left outer join media media1_ on (category0_.id_media=media1_.id)
2023-02-24 00:02:45,784 [http-nio-8888-exec-8] DEBUG org.hibernate.SQL 103 - select sum(postuser0_.had_like) as col_0_0_, sum(postuser0_.had_follow) as col_1_0_ from post_user postuser0_ inner join post post1_ on (postuser0_.id_post=post1_.id) inner join product product2_ on (post1_.id_product=product2_.id) where postuser0_.id_user=? and product2_.id_status=6
2023-02-24 00:02:45,786 [http-nio-8888-exec-8] DEBUG org.hibernate.SQL 103 - select count(message0_.id) as col_0_0_ from message message0_ where (message0_.id_group in (select groupmembe1_.id_group from group_member groupmembe1_ where groupmembe1_.id_user=?)) and message0_.id_user<>? and message0_.readed=0
2023-02-24 00:02:46,912 [http-nio-8888-exec-1] DEBUG org.hibernate.SQL 103 - select category0_.id as col_0_0_, category0_.name as col_1_0_, category0_.content as col_2_0_, media1_.id as col_3_0_, media1_.url as col_4_0_ from category category0_ left outer join media media1_ on (category0_.id_media=media1_.id)
2023-02-24 00:02:46,914 [http-nio-8888-exec-1] DEBUG org.hibernate.SQL 103 - select sum(postuser0_.had_like) as col_0_0_, sum(postuser0_.had_follow) as col_1_0_ from post_user postuser0_ inner join post post1_ on (postuser0_.id_post=post1_.id) inner join product product2_ on (post1_.id_product=product2_.id) where postuser0_.id_user=? and product2_.id_status=6
2023-02-24 00:02:46,915 [http-nio-8888-exec-1] DEBUG org.hibernate.SQL 103 - select count(message0_.id) as col_0_0_ from message message0_ where (message0_.id_group in (select groupmembe1_.id_group from group_member groupmembe1_ where groupmembe1_.id_user=?)) and message0_.id_user<>? and message0_.readed=0
2023-02-24 00:02:46,917 [http-nio-8888-exec-1] DEBUG org.hibernate.SQL 103 - select category0_.id as col_0_0_, category0_.name as col_1_0_, category0_.content as col_2_0_, media1_.id as col_3_0_, media1_.url as col_4_0_ from category category0_ left outer join media media1_ on (category0_.id_media=media1_.id)
2023-02-24 00:02:46,922 [http-nio-8888-exec-1] DEBUG org.hibernate.SQL 103 - select sum(postuser0_.had_like) as col_0_0_, sum(postuser0_.had_follow) as col_1_0_ from post_user postuser0_ inner join post post1_ on (postuser0_.id_post=post1_.id) inner join product product2_ on (post1_.id_product=product2_.id) where postuser0_.id_user=? and product2_.id_status=6
2023-02-24 00:02:46,926 [http-nio-8888-exec-1] DEBUG org.hibernate.SQL 103 - select count(message0_.id) as col_0_0_ from message message0_ where (message0_.id_group in (select groupmembe1_.id_group from group_member groupmembe1_ where groupmembe1_.id_user=?)) and message0_.id_user<>? and message0_.readed=0
2023-02-24 00:02:49,037 [http-nio-8888-exec-9] DEBUG org.hibernate.SQL 103 - select category0_.id as col_0_0_, category0_.name as col_1_0_, category0_.content as col_2_0_, media1_.id as col_3_0_, media1_.url as col_4_0_ from category category0_ left outer join media media1_ on (category0_.id_media=media1_.id)
2023-02-24 00:02:49,039 [http-nio-8888-exec-9] DEBUG org.hibernate.SQL 103 - select sum(postuser0_.had_like) as col_0_0_, sum(postuser0_.had_follow) as col_1_0_ from post_user postuser0_ inner join post post1_ on (postuser0_.id_post=post1_.id) inner join product product2_ on (post1_.id_product=product2_.id) where postuser0_.id_user=? and product2_.id_status=6
2023-02-24 00:02:49,041 [http-nio-8888-exec-9] DEBUG org.hibernate.SQL 103 - select count(message0_.id) as col_0_0_ from message message0_ where (message0_.id_group in (select groupmembe1_.id_group from group_member groupmembe1_ where groupmembe1_.id_user=?)) and message0_.id_user<>? and message0_.readed=0
2023-02-24 00:02:49,143 [http-nio-8888-exec-7] DEBUG org.hibernate.SQL 103 - select category0_.id as col_0_0_, category0_.name as col_1_0_, category0_.content as col_2_0_, media1_.id as col_3_0_, media1_.url as col_4_0_ from category category0_ left outer join media media1_ on (category0_.id_media=media1_.id)
2023-02-24 00:02:49,145 [http-nio-8888-exec-7] DEBUG org.hibernate.SQL 103 - select sum(postuser0_.had_like) as col_0_0_, sum(postuser0_.had_follow) as col_1_0_ from post_user postuser0_ inner join post post1_ on (postuser0_.id_post=post1_.id) inner join product product2_ on (post1_.id_product=product2_.id) where postuser0_.id_user=? and product2_.id_status=6
2023-02-24 00:02:49,147 [http-nio-8888-exec-7] DEBUG org.hibernate.SQL 103 - select count(message0_.id) as col_0_0_ from message message0_ where (message0_.id_group in (select groupmembe1_.id_group from group_member groupmembe1_ where groupmembe1_.id_user=?)) and message0_.id_user<>? and message0_.readed=0
2023-02-24 00:02:49,149 [http-nio-8888-exec-7] DEBUG org.hibernate.SQL 103 - select category0_.id as col_0_0_, category0_.name as col_1_0_, category0_.content as col_2_0_, media1_.id as col_3_0_, media1_.url as col_4_0_ from category category0_ left outer join media media1_ on (category0_.id_media=media1_.id)
2023-02-24 00:02:49,151 [http-nio-8888-exec-7] DEBUG org.hibernate.SQL 103 - select sum(postuser0_.had_like) as col_0_0_, sum(postuser0_.had_follow) as col_1_0_ from post_user postuser0_ inner join post post1_ on (postuser0_.id_post=post1_.id) inner join product product2_ on (post1_.id_product=product2_.id) where postuser0_.id_user=? and product2_.id_status=6
2023-02-24 00:02:49,152 [http-nio-8888-exec-7] DEBUG org.hibernate.SQL 103 - select count(message0_.id) as col_0_0_ from message message0_ where (message0_.id_group in (select groupmembe1_.id_group from group_member groupmembe1_ where groupmembe1_.id_user=?)) and message0_.id_user<>? and message0_.readed=0
2023-02-24 00:02:51,346 [http-nio-8888-exec-6] DEBUG org.hibernate.SQL 103 - select category0_.id as col_0_0_, category0_.name as col_1_0_, category0_.content as col_2_0_, media1_.id as col_3_0_, media1_.url as col_4_0_ from category category0_ left outer join media media1_ on (category0_.id_media=media1_.id)
2023-02-24 00:02:51,348 [http-nio-8888-exec-6] DEBUG org.hibernate.SQL 103 - select sum(postuser0_.had_like) as col_0_0_, sum(postuser0_.had_follow) as col_1_0_ from post_user postuser0_ inner join post post1_ on (postuser0_.id_post=post1_.id) inner join product product2_ on (post1_.id_product=product2_.id) where postuser0_.id_user=? and product2_.id_status=6
2023-02-24 00:02:51,351 [http-nio-8888-exec-6] DEBUG org.hibernate.SQL 103 - select count(message0_.id) as col_0_0_ from message message0_ where (message0_.id_group in (select groupmembe1_.id_group from group_member groupmembe1_ where groupmembe1_.id_user=?)) and message0_.id_user<>? and message0_.readed=0
2023-02-24 00:02:51,358 [http-nio-8888-exec-6] DEBUG org.hibernate.SQL 103 - select category0_.id as id1_0_, category0_.content as content2_0_, category0_.id_media as id_media3_0_, category0_.name as name4_0_ from category category0_
2023-02-24 00:02:51,365 [http-nio-8888-exec-6] DEBUG org.hibernate.SQL 103 - select product0_.id as col_0_0_, product0_.name as col_1_0_, product0_.price as col_2_0_, product0_.price_verify as col_3_0_, product0_.created_date as col_4_0_, user1_.id as col_5_0_, user1_.full_name as col_6_0_, user2_.id as col_7_0_, user2_.full_name as col_8_0_, category3_.id as col_9_0_, category3_.name as col_10_0_, status4_.id as col_11_0_, status4_.name as col_12_0_ from product product0_ inner join user user1_ on (product0_.id_user=user1_.id) left outer join user user2_ on (product0_.id_confirmer=user2_.id) inner join category category3_ on (product0_.id_category=category3_.id) inner join status status4_ on (product0_.id_status=status4_.id) where (?=0 or product0_.id_status=?) and (?=0 or product0_.id_category=?) limit ?
2023-02-24 00:02:51,369 [http-nio-8888-exec-6] DEBUG org.hibernate.SQL 103 - select count(product0_.id) as col_0_0_ from product product0_ where (?=0 or product0_.id_status=?) and (?=0 or product0_.id_category=?)
2023-02-24 00:02:51,629 [http-nio-8888-exec-5] DEBUG org.hibernate.SQL 103 - select category0_.id as col_0_0_, category0_.name as col_1_0_, category0_.content as col_2_0_, media1_.id as col_3_0_, media1_.url as col_4_0_ from category category0_ left outer join media media1_ on (category0_.id_media=media1_.id)
2023-02-24 00:02:51,631 [http-nio-8888-exec-5] DEBUG org.hibernate.SQL 103 - select sum(postuser0_.had_like) as col_0_0_, sum(postuser0_.had_follow) as col_1_0_ from post_user postuser0_ inner join post post1_ on (postuser0_.id_post=post1_.id) inner join product product2_ on (post1_.id_product=product2_.id) where postuser0_.id_user=? and product2_.id_status=6
2023-02-24 00:02:51,633 [http-nio-8888-exec-5] DEBUG org.hibernate.SQL 103 - select count(message0_.id) as col_0_0_ from message message0_ where (message0_.id_group in (select groupmembe1_.id_group from group_member groupmembe1_ where groupmembe1_.id_user=?)) and message0_.id_user<>? and message0_.readed=0
2023-02-24 00:02:51,634 [http-nio-8888-exec-5] DEBUG org.hibernate.SQL 103 - select category0_.id as col_0_0_, category0_.name as col_1_0_, category0_.content as col_2_0_, media1_.id as col_3_0_, media1_.url as col_4_0_ from category category0_ left outer join media media1_ on (category0_.id_media=media1_.id)
2023-02-24 00:02:51,636 [http-nio-8888-exec-5] DEBUG org.hibernate.SQL 103 - select sum(postuser0_.had_like) as col_0_0_, sum(postuser0_.had_follow) as col_1_0_ from post_user postuser0_ inner join post post1_ on (postuser0_.id_post=post1_.id) inner join product product2_ on (post1_.id_product=product2_.id) where postuser0_.id_user=? and product2_.id_status=6
2023-02-24 00:02:51,636 [http-nio-8888-exec-5] DEBUG org.hibernate.SQL 103 - select count(message0_.id) as col_0_0_ from message message0_ where (message0_.id_group in (select groupmembe1_.id_group from group_member groupmembe1_ where groupmembe1_.id_user=?)) and message0_.id_user<>? and message0_.readed=0
2023-02-24 00:02:53,635 [http-nio-8888-exec-4] DEBUG org.hibernate.SQL 103 - select category0_.id as col_0_0_, category0_.name as col_1_0_, category0_.content as col_2_0_, media1_.id as col_3_0_, media1_.url as col_4_0_ from category category0_ left outer join media media1_ on (category0_.id_media=media1_.id)
2023-02-24 00:02:53,637 [http-nio-8888-exec-4] DEBUG org.hibernate.SQL 103 - select sum(postuser0_.had_like) as col_0_0_, sum(postuser0_.had_follow) as col_1_0_ from post_user postuser0_ inner join post post1_ on (postuser0_.id_post=post1_.id) inner join product product2_ on (post1_.id_product=product2_.id) where postuser0_.id_user=? and product2_.id_status=6
2023-02-24 00:02:53,640 [http-nio-8888-exec-4] DEBUG org.hibernate.SQL 103 - select count(message0_.id) as col_0_0_ from message message0_ where (message0_.id_group in (select groupmembe1_.id_group from group_member groupmembe1_ where groupmembe1_.id_user=?)) and message0_.id_user<>? and message0_.readed=0
2023-02-24 00:02:53,643 [http-nio-8888-exec-4] DEBUG org.hibernate.SQL 103 - select product0_.id as id1_14_0_, product0_.created_date as created_2_14_0_, product0_.id_category as id_categ3_14_0_, product0_.id_confirmer as id_confi4_14_0_, product0_.id_status as id_statu5_14_0_, product0_.id_user as id_user6_14_0_, product0_.name as name7_14_0_, product0_.price as price8_14_0_, product0_.price_verify as price_ve9_14_0_ from product product0_ where product0_.id=?
2023-02-24 00:02:53,646 [http-nio-8888-exec-4] DEBUG org.hibernate.SQL 103 - select post0_.id as id1_10_, post0_.content as content2_10_, post0_.created_date as created_3_10_, post0_.id_product as id_produ4_10_, post0_.id_user as id_user5_10_, post0_.title as title6_10_, post0_.total_comment as total_co7_10_, post0_.total_follow as total_fo8_10_, post0_.total_like as total_li9_10_, post0_.total_view as total_v10_10_, post0_.updated_date as updated11_10_ from post post0_ where post0_.id_product=?
2023-02-24 00:02:53,649 [http-nio-8888-exec-4] DEBUG org.hibernate.SQL 103 - select media0_.id as id1_6_, media0_.type as type2_6_, media0_.url as url3_6_ from media media0_ inner join post_media postmedia1_ on (media0_.id=postmedia1_.id_media) where postmedia1_.id_post=?
2023-02-24 00:02:53,652 [http-nio-8888-exec-4] DEBUG org.hibernate.SQL 103 - select postmeta0_.id as id1_12_, postmeta0_.description as descript2_12_, postmeta0_.id_post as id_post3_12_, postmeta0_.meta_key as meta_key4_12_, postmeta0_.meta_name as meta_nam5_12_, postmeta0_.meta_value as meta_val6_12_ from post_meta postmeta0_ where postmeta0_.id_post=?
2023-02-24 00:02:53,872 [http-nio-8888-exec-10] DEBUG org.hibernate.SQL 103 - select category0_.id as col_0_0_, category0_.name as col_1_0_, category0_.content as col_2_0_, media1_.id as col_3_0_, media1_.url as col_4_0_ from category category0_ left outer join media media1_ on (category0_.id_media=media1_.id)
2023-02-24 00:02:53,874 [http-nio-8888-exec-10] DEBUG org.hibernate.SQL 103 - select sum(postuser0_.had_like) as col_0_0_, sum(postuser0_.had_follow) as col_1_0_ from post_user postuser0_ inner join post post1_ on (postuser0_.id_post=post1_.id) inner join product product2_ on (post1_.id_product=product2_.id) where postuser0_.id_user=? and product2_.id_status=6
2023-02-24 00:02:53,876 [http-nio-8888-exec-10] DEBUG org.hibernate.SQL 103 - select count(message0_.id) as col_0_0_ from message message0_ where (message0_.id_group in (select groupmembe1_.id_group from group_member groupmembe1_ where groupmembe1_.id_user=?)) and message0_.id_user<>? and message0_.readed=0
2023-02-24 00:02:53,879 [http-nio-8888-exec-10] DEBUG org.hibernate.SQL 103 - select category0_.id as col_0_0_, category0_.name as col_1_0_, category0_.content as col_2_0_, media1_.id as col_3_0_, media1_.url as col_4_0_ from category category0_ left outer join media media1_ on (category0_.id_media=media1_.id)
2023-02-24 00:02:53,882 [http-nio-8888-exec-10] DEBUG org.hibernate.SQL 103 - select sum(postuser0_.had_like) as col_0_0_, sum(postuser0_.had_follow) as col_1_0_ from post_user postuser0_ inner join post post1_ on (postuser0_.id_post=post1_.id) inner join product product2_ on (post1_.id_product=product2_.id) where postuser0_.id_user=? and product2_.id_status=6
2023-02-24 00:02:53,883 [http-nio-8888-exec-10] DEBUG org.hibernate.SQL 103 - select count(message0_.id) as col_0_0_ from message message0_ where (message0_.id_group in (select groupmembe1_.id_group from group_member groupmembe1_ where groupmembe1_.id_user=?)) and message0_.id_user<>? and message0_.readed=0
2023-02-24 00:07:01,164 [MessageBroker-8] DEBUG org.hibernate.SQL 103 - select order0_.id as id1_9_, order0_.created_date as created_2_9_, order0_.id_buyer as id_buyer3_9_, order0_.id_product as id_produ4_9_, order0_.id_redirect as id_redir5_9_, order0_.id_seller as id_selle6_9_, order0_.id_status as id_statu7_9_, order0_.id_type as id_type8_9_, order0_.price as price9_9_, order0_.rate as rate10_9_, order0_.updated_date as updated11_9_ from orders order0_ where order0_.created_date<=? and order0_.id_status=1
2023-02-24 00:07:01,167 [MessageBroker-8] DEBUG org.hibernate.SQL 103 - select order0_.id as id1_9_0_, order0_.created_date as created_2_9_0_, order0_.id_buyer as id_buyer3_9_0_, order0_.id_product as id_produ4_9_0_, order0_.id_redirect as id_redir5_9_0_, order0_.id_seller as id_selle6_9_0_, order0_.id_status as id_statu7_9_0_, order0_.id_type as id_type8_9_0_, order0_.price as price9_9_0_, order0_.rate as rate10_9_0_, order0_.updated_date as updated11_9_0_ from orders order0_ where order0_.id=?
2023-02-24 00:07:01,169 [MessageBroker-8] DEBUG org.hibernate.SQL 103 - select order0_.id as id1_9_, order0_.created_date as created_2_9_, order0_.id_buyer as id_buyer3_9_, order0_.id_product as id_produ4_9_, order0_.id_redirect as id_redir5_9_, order0_.id_seller as id_selle6_9_, order0_.id_status as id_statu7_9_, order0_.id_type as id_type8_9_, order0_.price as price9_9_, order0_.rate as rate10_9_, order0_.updated_date as updated11_9_ from orders order0_ where order0_.id_redirect=?
2023-02-24 00:07:01,170 [MessageBroker-8] ERROR org.springframework.scheduling.support.TaskUtils$LoggingErrorHandler 96 - Unexpected error occurred in scheduled task.
org.springframework.dao.IncorrectResultSizeDataAccessException: query did not return a unique result: 10; nested exception is javax.persistence.NonUniqueResultException: query did not return a unique result: 10
	at org.springframework.orm.jpa.EntityManagerFactoryUtils.convertJpaAccessExceptionIfPossible(EntityManagerFactoryUtils.java:385)
	at org.springframework.orm.jpa.vendor.HibernateJpaDialect.translateExceptionIfPossible(HibernateJpaDialect.java:256)
	at org.springframework.orm.jpa.AbstractEntityManagerFactoryBean.translateExceptionIfPossible(AbstractEntityManagerFactoryBean.java:528)
	at org.springframework.dao.support.ChainedPersistenceExceptionTranslator.translateExceptionIfPossible(ChainedPersistenceExceptionTranslator.java:61)
	at org.springframework.dao.support.DataAccessUtils.translateIfNecessary(DataAccessUtils.java:242)
	at org.springframework.dao.support.PersistenceExceptionTranslationInterceptor.invoke(PersistenceExceptionTranslationInterceptor.java:153)
	at org.springframework.aop.framework.ReflectiveMethodInvocation.proceed(ReflectiveMethodInvocation.java:186)
	at org.springframework.data.jpa.repository.support.CrudMethodMetadataPostProcessor$CrudMethodMetadataPopulatingMethodInterceptor.invoke(CrudMethodMetadataPostProcessor.java:144)
	at org.springframework.aop.framework.ReflectiveMethodInvocation.proceed(ReflectiveMethodInvocation.java:186)
	at org.springframework.data.jpa.repository.support.CrudMethodMetadataPostProcessor$ExposeRepositoryInvocationInterceptor.invoke(CrudMethodMetadataPostProcessor.java:364)
	at org.springframework.aop.framework.ReflectiveMethodInvocation.proceed(ReflectiveMethodInvocation.java:186)
	at org.springframework.aop.interceptor.ExposeInvocationInterceptor.invoke(ExposeInvocationInterceptor.java:93)
	at org.springframework.aop.framework.ReflectiveMethodInvocation.proceed(ReflectiveMethodInvocation.java:186)
	at org.springframework.data.repository.core.support.SurroundingTransactionDetectorMethodInterceptor.invoke(SurroundingTransactionDetectorMethodInterceptor.java:61)
	at org.springframework.aop.framework.ReflectiveMethodInvocation.proceed(ReflectiveMethodInvocation.java:186)
	at org.springframework.aop.framework.JdkDynamicAopProxy.invoke(JdkDynamicAopProxy.java:212)
	at com.sun.proxy.$Proxy117.findByIdRedirect(Unknown Source)
	at com.market.online.user.service.OrderService.getByIdRedirect(OrderService.java:40)
	at com.market.online.config.scheduler.SchedulerConfig.cancelOrder(SchedulerConfig.java:54)
	at com.market.online.config.scheduler.SchedulerConfig.lambda$updateAutoCancelOrder$2(SchedulerConfig.java:46)
	at com.market.online.config.scheduler.SchedulerConfig$$Lambda$984/1323572557.accept(Unknown Source)
	at java.util.ArrayList.forEach(ArrayList.java:1249)
	at com.market.online.config.scheduler.SchedulerConfig.updateAutoCancelOrder(SchedulerConfig.java:45)
	at sun.reflect.GeneratedMethodAccessor176.invoke(Unknown Source)
	at sun.reflect.DelegatingMethodAccessorImpl.invoke(DelegatingMethodAccessorImpl.java:43)
	at java.lang.reflect.Method.invoke(Method.java:497)
	at org.springframework.scheduling.support.ScheduledMethodRunnable.run(ScheduledMethodRunnable.java:84)
	at org.springframework.scheduling.support.DelegatingErrorHandlingRunnable.run(DelegatingErrorHandlingRunnable.java:54)
	at java.util.concurrent.Executors$RunnableAdapter.call(Executors.java:511)
	at java.util.concurrent.FutureTask.runAndReset(FutureTask.java:308)
	at java.util.concurrent.ScheduledThreadPoolExecutor$ScheduledFutureTask.access$301(ScheduledThreadPoolExecutor.java:180)
	at java.util.concurrent.ScheduledThreadPoolExecutor$ScheduledFutureTask.run(ScheduledThreadPoolExecutor.java:294)
	at java.util.concurrent.ThreadPoolExecutor.runWorker(ThreadPoolExecutor.java:1142)
	at java.util.concurrent.ThreadPoolExecutor$Worker.run(ThreadPoolExecutor.java:617)
	at java.lang.Thread.run(Thread.java:745)
Caused by: javax.persistence.NonUniqueResultException: query did not return a unique result: 10
	at org.hibernate.internal.ExceptionConverterImpl.convert(ExceptionConverterImpl.java:128)
	at org.hibernate.query.internal.AbstractProducedQuery.getSingleResult(AbstractProducedQuery.java:1561)
	at org.hibernate.query.criteria.internal.compile.CriteriaQueryTypeQueryAdapter.getSingleResult(CriteriaQueryTypeQueryAdapter.java:109)
	at sun.reflect.GeneratedMethodAccessor142.invoke(Unknown Source)
	at sun.reflect.DelegatingMethodAccessorImpl.invoke(DelegatingMethodAccessorImpl.java:43)
	at java.lang.reflect.Method.invoke(Method.java:497)
	at org.springframework.orm.jpa.SharedEntityManagerCreator$DeferredQueryInvocationHandler.invoke(SharedEntityManagerCreator.java:404)
	at com.sun.proxy.$Proxy138.getSingleResult(Unknown Source)
	at org.springframework.data.jpa.repository.query.JpaQueryExecution$SingleEntityExecution.doExecute(JpaQueryExecution.java:221)
	at org.springframework.data.jpa.repository.query.JpaQueryExecution.execute(JpaQueryExecution.java:91)
	at org.springframework.data.jpa.repository.query.AbstractJpaQuery.doExecute(AbstractJpaQuery.java:136)
	at org.springframework.data.jpa.repository.query.AbstractJpaQuery.execute(AbstractJpaQuery.java:125)
	at org.springframework.data.repository.core.support.RepositoryFactorySupport$QueryExecutorMethodInterceptor.doInvoke(RepositoryFactorySupport.java:605)
	at org.springframework.data.repository.core.support.RepositoryFactorySupport$QueryExecutorMethodInterceptor.lambda$invoke$3(RepositoryFactorySupport.java:595)
	at org.springframework.data.repository.core.support.RepositoryFactorySupport$QueryExecutorMethodInterceptor$$Lambda$879/536742609.get(Unknown Source)
	at org.springframework.data.repository.util.QueryExecutionConverters$$Lambda$878/1667165965.apply(Unknown Source)
	at org.springframework.data.repository.core.support.RepositoryFactorySupport$QueryExecutorMethodInterceptor.invoke(RepositoryFactorySupport.java:595)
	at org.springframework.aop.framework.ReflectiveMethodInvocation.proceed(ReflectiveMethodInvocation.java:186)
	at org.springframework.data.projection.DefaultMethodInvokingMethodInterceptor.invoke(DefaultMethodInvokingMethodInterceptor.java:59)
	at org.springframework.aop.framework.ReflectiveMethodInvocation.proceed(ReflectiveMethodInvocation.java:186)
	at org.springframework.transaction.interceptor.TransactionInterceptor$$Lambda$877/1185317748.proceedWithInvocation(Unknown Source)
	at org.springframework.transaction.interceptor.TransactionAspectSupport.invokeWithinTransaction(TransactionAspectSupport.java:295)
	at org.springframework.transaction.interceptor.TransactionInterceptor.invoke(TransactionInterceptor.java:98)
	at org.springframework.aop.framework.ReflectiveMethodInvocation.proceed(ReflectiveMethodInvocation.java:186)
	at org.springframework.dao.support.PersistenceExceptionTranslationInterceptor.invoke(PersistenceExceptionTranslationInterceptor.java:139)
	... 29 common frames omitted
2023-02-24 00:12:01,185 [MessageBroker-8] DEBUG org.hibernate.SQL 103 - select order0_.id as id1_9_, order0_.created_date as created_2_9_, order0_.id_buyer as id_buyer3_9_, order0_.id_product as id_produ4_9_, order0_.id_redirect as id_redir5_9_, order0_.id_seller as id_selle6_9_, order0_.id_status as id_statu7_9_, order0_.id_type as id_type8_9_, order0_.price as price9_9_, order0_.rate as rate10_9_, order0_.updated_date as updated11_9_ from orders order0_ where order0_.created_date<=? and order0_.id_status=1
2023-02-24 00:12:01,189 [MessageBroker-8] DEBUG org.hibernate.SQL 103 - select order0_.id as id1_9_0_, order0_.created_date as created_2_9_0_, order0_.id_buyer as id_buyer3_9_0_, order0_.id_product as id_produ4_9_0_, order0_.id_redirect as id_redir5_9_0_, order0_.id_seller as id_selle6_9_0_, order0_.id_status as id_statu7_9_0_, order0_.id_type as id_type8_9_0_, order0_.price as price9_9_0_, order0_.rate as rate10_9_0_, order0_.updated_date as updated11_9_0_ from orders order0_ where order0_.id=?
2023-02-24 00:12:01,191 [MessageBroker-8] DEBUG org.hibernate.SQL 103 - select order0_.id as id1_9_, order0_.created_date as created_2_9_, order0_.id_buyer as id_buyer3_9_, order0_.id_product as id_produ4_9_, order0_.id_redirect as id_redir5_9_, order0_.id_seller as id_selle6_9_, order0_.id_status as id_statu7_9_, order0_.id_type as id_type8_9_, order0_.price as price9_9_, order0_.rate as rate10_9_, order0_.updated_date as updated11_9_ from orders order0_ where order0_.id_redirect=?
2023-02-24 00:12:01,193 [MessageBroker-8] ERROR org.springframework.scheduling.support.TaskUtils$LoggingErrorHandler 96 - Unexpected error occurred in scheduled task.
org.springframework.dao.IncorrectResultSizeDataAccessException: query did not return a unique result: 10; nested exception is javax.persistence.NonUniqueResultException: query did not return a unique result: 10
	at org.springframework.orm.jpa.EntityManagerFactoryUtils.convertJpaAccessExceptionIfPossible(EntityManagerFactoryUtils.java:385)
	at org.springframework.orm.jpa.vendor.HibernateJpaDialect.translateExceptionIfPossible(HibernateJpaDialect.java:256)
	at org.springframework.orm.jpa.AbstractEntityManagerFactoryBean.translateExceptionIfPossible(AbstractEntityManagerFactoryBean.java:528)
	at org.springframework.dao.support.ChainedPersistenceExceptionTranslator.translateExceptionIfPossible(ChainedPersistenceExceptionTranslator.java:61)
	at org.springframework.dao.support.DataAccessUtils.translateIfNecessary(DataAccessUtils.java:242)
	at org.springframework.dao.support.PersistenceExceptionTranslationInterceptor.invoke(PersistenceExceptionTranslationInterceptor.java:153)
	at org.springframework.aop.framework.ReflectiveMethodInvocation.proceed(ReflectiveMethodInvocation.java:186)
	at org.springframework.data.jpa.repository.support.CrudMethodMetadataPostProcessor$CrudMethodMetadataPopulatingMethodInterceptor.invoke(CrudMethodMetadataPostProcessor.java:144)
	at org.springframework.aop.framework.ReflectiveMethodInvocation.proceed(ReflectiveMethodInvocation.java:186)
	at org.springframework.data.jpa.repository.support.CrudMethodMetadataPostProcessor$ExposeRepositoryInvocationInterceptor.invoke(CrudMethodMetadataPostProcessor.java:364)
	at org.springframework.aop.framework.ReflectiveMethodInvocation.proceed(ReflectiveMethodInvocation.java:186)
	at org.springframework.aop.interceptor.ExposeInvocationInterceptor.invoke(ExposeInvocationInterceptor.java:93)
	at org.springframework.aop.framework.ReflectiveMethodInvocation.proceed(ReflectiveMethodInvocation.java:186)
	at org.springframework.data.repository.core.support.SurroundingTransactionDetectorMethodInterceptor.invoke(SurroundingTransactionDetectorMethodInterceptor.java:61)
	at org.springframework.aop.framework.ReflectiveMethodInvocation.proceed(ReflectiveMethodInvocation.java:186)
	at org.springframework.aop.framework.JdkDynamicAopProxy.invoke(JdkDynamicAopProxy.java:212)
	at com.sun.proxy.$Proxy117.findByIdRedirect(Unknown Source)
	at com.market.online.user.service.OrderService.getByIdRedirect(OrderService.java:40)
	at com.market.online.config.scheduler.SchedulerConfig.cancelOrder(SchedulerConfig.java:54)
	at com.market.online.config.scheduler.SchedulerConfig.lambda$updateAutoCancelOrder$2(SchedulerConfig.java:46)
	at com.market.online.config.scheduler.SchedulerConfig$$Lambda$984/1323572557.accept(Unknown Source)
	at java.util.ArrayList.forEach(ArrayList.java:1249)
	at com.market.online.config.scheduler.SchedulerConfig.updateAutoCancelOrder(SchedulerConfig.java:45)
	at sun.reflect.GeneratedMethodAccessor176.invoke(Unknown Source)
	at sun.reflect.DelegatingMethodAccessorImpl.invoke(DelegatingMethodAccessorImpl.java:43)
	at java.lang.reflect.Method.invoke(Method.java:497)
	at org.springframework.scheduling.support.ScheduledMethodRunnable.run(ScheduledMethodRunnable.java:84)
	at org.springframework.scheduling.support.DelegatingErrorHandlingRunnable.run(DelegatingErrorHandlingRunnable.java:54)
	at java.util.concurrent.Executors$RunnableAdapter.call(Executors.java:511)
	at java.util.concurrent.FutureTask.runAndReset(FutureTask.java:308)
	at java.util.concurrent.ScheduledThreadPoolExecutor$ScheduledFutureTask.access$301(ScheduledThreadPoolExecutor.java:180)
	at java.util.concurrent.ScheduledThreadPoolExecutor$ScheduledFutureTask.run(ScheduledThreadPoolExecutor.java:294)
	at java.util.concurrent.ThreadPoolExecutor.runWorker(ThreadPoolExecutor.java:1142)
	at java.util.concurrent.ThreadPoolExecutor$Worker.run(ThreadPoolExecutor.java:617)
	at java.lang.Thread.run(Thread.java:745)
Caused by: javax.persistence.NonUniqueResultException: query did not return a unique result: 10
	at org.hibernate.internal.ExceptionConverterImpl.convert(ExceptionConverterImpl.java:128)
	at org.hibernate.query.internal.AbstractProducedQuery.getSingleResult(AbstractProducedQuery.java:1561)
	at org.hibernate.query.criteria.internal.compile.CriteriaQueryTypeQueryAdapter.getSingleResult(CriteriaQueryTypeQueryAdapter.java:109)
	at sun.reflect.GeneratedMethodAccessor142.invoke(Unknown Source)
	at sun.reflect.DelegatingMethodAccessorImpl.invoke(DelegatingMethodAccessorImpl.java:43)
	at java.lang.reflect.Method.invoke(Method.java:497)
	at org.springframework.orm.jpa.SharedEntityManagerCreator$DeferredQueryInvocationHandler.invoke(SharedEntityManagerCreator.java:404)
	at com.sun.proxy.$Proxy138.getSingleResult(Unknown Source)
	at org.springframework.data.jpa.repository.query.JpaQueryExecution$SingleEntityExecution.doExecute(JpaQueryExecution.java:221)
	at org.springframework.data.jpa.repository.query.JpaQueryExecution.execute(JpaQueryExecution.java:91)
	at org.springframework.data.jpa.repository.query.AbstractJpaQuery.doExecute(AbstractJpaQuery.java:136)
	at org.springframework.data.jpa.repository.query.AbstractJpaQuery.execute(AbstractJpaQuery.java:125)
	at org.springframework.data.repository.core.support.RepositoryFactorySupport$QueryExecutorMethodInterceptor.doInvoke(RepositoryFactorySupport.java:605)
	at org.springframework.data.repository.core.support.RepositoryFactorySupport$QueryExecutorMethodInterceptor.lambda$invoke$3(RepositoryFactorySupport.java:595)
	at org.springframework.data.repository.core.support.RepositoryFactorySupport$QueryExecutorMethodInterceptor$$Lambda$879/536742609.get(Unknown Source)
	at org.springframework.data.repository.util.QueryExecutionConverters$$Lambda$878/1667165965.apply(Unknown Source)
	at org.springframework.data.repository.core.support.RepositoryFactorySupport$QueryExecutorMethodInterceptor.invoke(RepositoryFactorySupport.java:595)
	at org.springframework.aop.framework.ReflectiveMethodInvocation.proceed(ReflectiveMethodInvocation.java:186)
	at org.springframework.data.projection.DefaultMethodInvokingMethodInterceptor.invoke(DefaultMethodInvokingMethodInterceptor.java:59)
	at org.springframework.aop.framework.ReflectiveMethodInvocation.proceed(ReflectiveMethodInvocation.java:186)
	at org.springframework.transaction.interceptor.TransactionInterceptor$$Lambda$877/1185317748.proceedWithInvocation(Unknown Source)
	at org.springframework.transaction.interceptor.TransactionAspectSupport.invokeWithinTransaction(TransactionAspectSupport.java:295)
	at org.springframework.transaction.interceptor.TransactionInterceptor.invoke(TransactionInterceptor.java:98)
	at org.springframework.aop.framework.ReflectiveMethodInvocation.proceed(ReflectiveMethodInvocation.java:186)
	at org.springframework.dao.support.PersistenceExceptionTranslationInterceptor.invoke(PersistenceExceptionTranslationInterceptor.java:139)
	... 29 common frames omitted
2023-02-24 00:12:59,419 [MessageBroker-3] INFO  org.springframework.web.socket.config.WebSocketMessageBrokerStats 124 - WebSocketSession[0 current WS(0)-HttpStream(0)-HttpPoll(0), 0 total, 0 closed abnormally (0 connect failure, 0 send limit, 0 transport error)], stompSubProtocol[processed CONNECT(0)-CONNECTED(0)-DISCONNECT(0)], stompBrokerRelay[null], inboundChannel[pool size = 0, active threads = 0, queued tasks = 0, completed tasks = 0], outboundChannel[pool size = 0, active threads = 0, queued tasks = 0, completed tasks = 0], sockJsScheduler[pool size = 8, active threads = 1, queued tasks = 1, completed tasks = 21]
2023-02-24 00:17:01,210 [MessageBroker-2] DEBUG org.hibernate.SQL 103 - select order0_.id as id1_9_, order0_.created_date as created_2_9_, order0_.id_buyer as id_buyer3_9_, order0_.id_product as id_produ4_9_, order0_.id_redirect as id_redir5_9_, order0_.id_seller as id_selle6_9_, order0_.id_status as id_statu7_9_, order0_.id_type as id_type8_9_, order0_.price as price9_9_, order0_.rate as rate10_9_, order0_.updated_date as updated11_9_ from orders order0_ where order0_.created_date<=? and order0_.id_status=1
2023-02-24 00:17:01,217 [MessageBroker-2] DEBUG org.hibernate.SQL 103 - select order0_.id as id1_9_0_, order0_.created_date as created_2_9_0_, order0_.id_buyer as id_buyer3_9_0_, order0_.id_product as id_produ4_9_0_, order0_.id_redirect as id_redir5_9_0_, order0_.id_seller as id_selle6_9_0_, order0_.id_status as id_statu7_9_0_, order0_.id_type as id_type8_9_0_, order0_.price as price9_9_0_, order0_.rate as rate10_9_0_, order0_.updated_date as updated11_9_0_ from orders order0_ where order0_.id=?
2023-02-24 00:17:01,222 [MessageBroker-2] DEBUG org.hibernate.SQL 103 - select order0_.id as id1_9_, order0_.created_date as created_2_9_, order0_.id_buyer as id_buyer3_9_, order0_.id_product as id_produ4_9_, order0_.id_redirect as id_redir5_9_, order0_.id_seller as id_selle6_9_, order0_.id_status as id_statu7_9_, order0_.id_type as id_type8_9_, order0_.price as price9_9_, order0_.rate as rate10_9_, order0_.updated_date as updated11_9_ from orders order0_ where order0_.id_redirect=?
2023-02-24 00:17:01,228 [MessageBroker-2] ERROR org.springframework.scheduling.support.TaskUtils$LoggingErrorHandler 96 - Unexpected error occurred in scheduled task.
org.springframework.dao.IncorrectResultSizeDataAccessException: query did not return a unique result: 10; nested exception is javax.persistence.NonUniqueResultException: query did not return a unique result: 10
	at org.springframework.orm.jpa.EntityManagerFactoryUtils.convertJpaAccessExceptionIfPossible(EntityManagerFactoryUtils.java:385)
	at org.springframework.orm.jpa.vendor.HibernateJpaDialect.translateExceptionIfPossible(HibernateJpaDialect.java:256)
	at org.springframework.orm.jpa.AbstractEntityManagerFactoryBean.translateExceptionIfPossible(AbstractEntityManagerFactoryBean.java:528)
	at org.springframework.dao.support.ChainedPersistenceExceptionTranslator.translateExceptionIfPossible(ChainedPersistenceExceptionTranslator.java:61)
	at org.springframework.dao.support.DataAccessUtils.translateIfNecessary(DataAccessUtils.java:242)
	at org.springframework.dao.support.PersistenceExceptionTranslationInterceptor.invoke(PersistenceExceptionTranslationInterceptor.java:153)
	at org.springframework.aop.framework.ReflectiveMethodInvocation.proceed(ReflectiveMethodInvocation.java:186)
	at org.springframework.data.jpa.repository.support.CrudMethodMetadataPostProcessor$CrudMethodMetadataPopulatingMethodInterceptor.invoke(CrudMethodMetadataPostProcessor.java:144)
	at org.springframework.aop.framework.ReflectiveMethodInvocation.proceed(ReflectiveMethodInvocation.java:186)
	at org.springframework.data.jpa.repository.support.CrudMethodMetadataPostProcessor$ExposeRepositoryInvocationInterceptor.invoke(CrudMethodMetadataPostProcessor.java:364)
	at org.springframework.aop.framework.ReflectiveMethodInvocation.proceed(ReflectiveMethodInvocation.java:186)
	at org.springframework.aop.interceptor.ExposeInvocationInterceptor.invoke(ExposeInvocationInterceptor.java:93)
	at org.springframework.aop.framework.ReflectiveMethodInvocation.proceed(ReflectiveMethodInvocation.java:186)
	at org.springframework.data.repository.core.support.SurroundingTransactionDetectorMethodInterceptor.invoke(SurroundingTransactionDetectorMethodInterceptor.java:61)
	at org.springframework.aop.framework.ReflectiveMethodInvocation.proceed(ReflectiveMethodInvocation.java:186)
	at org.springframework.aop.framework.JdkDynamicAopProxy.invoke(JdkDynamicAopProxy.java:212)
	at com.sun.proxy.$Proxy117.findByIdRedirect(Unknown Source)
	at com.market.online.user.service.OrderService.getByIdRedirect(OrderService.java:40)
	at com.market.online.config.scheduler.SchedulerConfig.cancelOrder(SchedulerConfig.java:54)
	at com.market.online.config.scheduler.SchedulerConfig.lambda$updateAutoCancelOrder$2(SchedulerConfig.java:46)
	at com.market.online.config.scheduler.SchedulerConfig$$Lambda$984/1323572557.accept(Unknown Source)
	at java.util.ArrayList.forEach(ArrayList.java:1249)
	at com.market.online.config.scheduler.SchedulerConfig.updateAutoCancelOrder(SchedulerConfig.java:45)
	at sun.reflect.GeneratedMethodAccessor176.invoke(Unknown Source)
	at sun.reflect.DelegatingMethodAccessorImpl.invoke(DelegatingMethodAccessorImpl.java:43)
	at java.lang.reflect.Method.invoke(Method.java:497)
	at org.springframework.scheduling.support.ScheduledMethodRunnable.run(ScheduledMethodRunnable.java:84)
	at org.springframework.scheduling.support.DelegatingErrorHandlingRunnable.run(DelegatingErrorHandlingRunnable.java:54)
	at java.util.concurrent.Executors$RunnableAdapter.call(Executors.java:511)
	at java.util.concurrent.FutureTask.runAndReset(FutureTask.java:308)
	at java.util.concurrent.ScheduledThreadPoolExecutor$ScheduledFutureTask.access$301(ScheduledThreadPoolExecutor.java:180)
	at java.util.concurrent.ScheduledThreadPoolExecutor$ScheduledFutureTask.run(ScheduledThreadPoolExecutor.java:294)
	at java.util.concurrent.ThreadPoolExecutor.runWorker(ThreadPoolExecutor.java:1142)
	at java.util.concurrent.ThreadPoolExecutor$Worker.run(ThreadPoolExecutor.java:617)
	at java.lang.Thread.run(Thread.java:745)
Caused by: javax.persistence.NonUniqueResultException: query did not return a unique result: 10
	at org.hibernate.internal.ExceptionConverterImpl.convert(ExceptionConverterImpl.java:128)
	at org.hibernate.query.internal.AbstractProducedQuery.getSingleResult(AbstractProducedQuery.java:1561)
	at org.hibernate.query.criteria.internal.compile.CriteriaQueryTypeQueryAdapter.getSingleResult(CriteriaQueryTypeQueryAdapter.java:109)
	at sun.reflect.GeneratedMethodAccessor142.invoke(Unknown Source)
	at sun.reflect.DelegatingMethodAccessorImpl.invoke(DelegatingMethodAccessorImpl.java:43)
	at java.lang.reflect.Method.invoke(Method.java:497)
	at org.springframework.orm.jpa.SharedEntityManagerCreator$DeferredQueryInvocationHandler.invoke(SharedEntityManagerCreator.java:404)
	at com.sun.proxy.$Proxy138.getSingleResult(Unknown Source)
	at org.springframework.data.jpa.repository.query.JpaQueryExecution$SingleEntityExecution.doExecute(JpaQueryExecution.java:221)
	at org.springframework.data.jpa.repository.query.JpaQueryExecution.execute(JpaQueryExecution.java:91)
	at org.springframework.data.jpa.repository.query.AbstractJpaQuery.doExecute(AbstractJpaQuery.java:136)
	at org.springframework.data.jpa.repository.query.AbstractJpaQuery.execute(AbstractJpaQuery.java:125)
	at org.springframework.data.repository.core.support.RepositoryFactorySupport$QueryExecutorMethodInterceptor.doInvoke(RepositoryFactorySupport.java:605)
	at org.springframework.data.repository.core.support.RepositoryFactorySupport$QueryExecutorMethodInterceptor.lambda$invoke$3(RepositoryFactorySupport.java:595)
	at org.springframework.data.repository.core.support.RepositoryFactorySupport$QueryExecutorMethodInterceptor$$Lambda$879/536742609.get(Unknown Source)
	at org.springframework.data.repository.util.QueryExecutionConverters$$Lambda$878/1667165965.apply(Unknown Source)
	at org.springframework.data.repository.core.support.RepositoryFactorySupport$QueryExecutorMethodInterceptor.invoke(RepositoryFactorySupport.java:595)
	at org.springframework.aop.framework.ReflectiveMethodInvocation.proceed(ReflectiveMethodInvocation.java:186)
	at org.springframework.data.projection.DefaultMethodInvokingMethodInterceptor.invoke(DefaultMethodInvokingMethodInterceptor.java:59)
	at org.springframework.aop.framework.ReflectiveMethodInvocation.proceed(ReflectiveMethodInvocation.java:186)
	at org.springframework.transaction.interceptor.TransactionInterceptor$$Lambda$877/1185317748.proceedWithInvocation(Unknown Source)
	at org.springframework.transaction.interceptor.TransactionAspectSupport.invokeWithinTransaction(TransactionAspectSupport.java:295)
	at org.springframework.transaction.interceptor.TransactionInterceptor.invoke(TransactionInterceptor.java:98)
	at org.springframework.aop.framework.ReflectiveMethodInvocation.proceed(ReflectiveMethodInvocation.java:186)
	at org.springframework.dao.support.PersistenceExceptionTranslationInterceptor.invoke(PersistenceExceptionTranslationInterceptor.java:139)
	... 29 common frames omitted
2023-02-24 00:20:17,075 [http-nio-8888-exec-8] DEBUG org.hibernate.SQL 103 - select category0_.id as col_0_0_, category0_.name as col_1_0_, category0_.content as col_2_0_, media1_.id as col_3_0_, media1_.url as col_4_0_ from category category0_ left outer join media media1_ on (category0_.id_media=media1_.id)
2023-02-24 00:20:17,087 [http-nio-8888-exec-1] DEBUG org.hibernate.SQL 103 - select category0_.id as col_0_0_, category0_.name as col_1_0_, category0_.content as col_2_0_, media1_.id as col_3_0_, media1_.url as col_4_0_ from category category0_ left outer join media media1_ on (category0_.id_media=media1_.id)
2023-02-24 00:20:17,089 [http-nio-8888-exec-1] DEBUG org.hibernate.SQL 103 - select product0_.id as col_0_0_, product0_.id_category as col_1_0_, product0_.id_user as col_2_0_, product0_.name as col_3_0_, product0_.price as col_4_0_, product0_.price_verify as col_5_0_, post1_.id as col_6_0_, post1_.total_view as col_7_0_, post1_.total_like as col_8_0_, post1_.total_follow as col_9_0_, post1_.total_comment as col_10_0_, media4_.url as col_11_0_, postuser3_.had_view as col_12_0_, postuser3_.had_like as col_13_0_, postuser3_.had_follow as col_14_0_ from product product0_ inner join post post1_ on (product0_.id=post1_.id_product) inner join post_media postmedia2_ on (post1_.id=postmedia2_.id_post and postmedia2_.id_type=3) left outer join post_user postuser3_ on (post1_.id=postuser3_.id_post and postuser3_.id_user=?) inner join media media4_ on (postmedia2_.id_media=media4_.id) where product0_.id_status=6 and (?=0 or product0_.id_user<>?) order by post1_.total_like DESC
2023-02-24 00:20:17,215 [http-nio-8888-exec-9] DEBUG org.hibernate.SQL 103 - select category0_.id as col_0_0_, category0_.name as col_1_0_, category0_.content as col_2_0_, media1_.id as col_3_0_, media1_.url as col_4_0_ from category category0_ left outer join media media1_ on (category0_.id_media=media1_.id)
2023-02-24 00:20:17,216 [http-nio-8888-exec-7] DEBUG org.hibernate.SQL 103 - select category0_.id as col_0_0_, category0_.name as col_1_0_, category0_.content as col_2_0_, media1_.id as col_3_0_, media1_.url as col_4_0_ from category category0_ left outer join media media1_ on (category0_.id_media=media1_.id)
2023-02-24 00:20:17,218 [http-nio-8888-exec-9] DEBUG org.hibernate.SQL 103 - select category0_.id as col_0_0_, category0_.name as col_1_0_, category0_.content as col_2_0_, media1_.id as col_3_0_, media1_.url as col_4_0_ from category category0_ left outer join media media1_ on (category0_.id_media=media1_.id)
2023-02-24 00:20:17,219 [http-nio-8888-exec-7] DEBUG org.hibernate.SQL 103 - select category0_.id as col_0_0_, category0_.name as col_1_0_, category0_.content as col_2_0_, media1_.id as col_3_0_, media1_.url as col_4_0_ from category category0_ left outer join media media1_ on (category0_.id_media=media1_.id)
2023-02-24 00:20:17,263 [http-nio-8888-exec-6] DEBUG org.hibernate.SQL 103 - select category0_.id as col_0_0_, category0_.name as col_1_0_, category0_.content as col_2_0_, media1_.id as col_3_0_, media1_.url as col_4_0_ from category category0_ left outer join media media1_ on (category0_.id_media=media1_.id)
2023-02-24 00:20:17,266 [http-nio-8888-exec-6] DEBUG org.hibernate.SQL 103 - select product0_.id as col_0_0_, product0_.id_category as col_1_0_, product0_.id_user as col_2_0_, product0_.name as col_3_0_, product0_.price as col_4_0_, product0_.price_verify as col_5_0_, post1_.id as col_6_0_, post1_.total_view as col_7_0_, post1_.total_like as col_8_0_, post1_.total_follow as col_9_0_, post1_.total_comment as col_10_0_, media4_.url as col_11_0_, postuser3_.had_view as col_12_0_, postuser3_.had_like as col_13_0_, postuser3_.had_follow as col_14_0_ from product product0_ inner join post post1_ on (product0_.id=post1_.id_product) inner join post_media postmedia2_ on (post1_.id=postmedia2_.id_post and postmedia2_.id_type=3) left outer join post_user postuser3_ on (post1_.id=postuser3_.id_post and postuser3_.id_user=?) inner join media media4_ on (postmedia2_.id_media=media4_.id) where product0_.id_status=6 and (?=0 or product0_.id_user<>?) order by post1_.total_like DESC
2023-02-24 00:20:17,274 [http-nio-8888-exec-5] DEBUG org.hibernate.SQL 103 - select category0_.id as col_0_0_, category0_.name as col_1_0_, category0_.content as col_2_0_, media1_.id as col_3_0_, media1_.url as col_4_0_ from category category0_ left outer join media media1_ on (category0_.id_media=media1_.id)
2023-02-24 00:20:17,276 [http-nio-8888-exec-5] DEBUG org.hibernate.SQL 103 - select product0_.id as col_0_0_, product0_.id_category as col_1_0_, product0_.id_user as col_2_0_, product0_.name as col_3_0_, product0_.price as col_4_0_, product0_.price_verify as col_5_0_, post1_.id as col_6_0_, post1_.total_view as col_7_0_, post1_.total_like as col_8_0_, post1_.total_follow as col_9_0_, post1_.total_comment as col_10_0_, media4_.url as col_11_0_, postuser3_.had_view as col_12_0_, postuser3_.had_like as col_13_0_, postuser3_.had_follow as col_14_0_ from product product0_ inner join post post1_ on (product0_.id=post1_.id_product) inner join post_media postmedia2_ on (post1_.id=postmedia2_.id_post and postmedia2_.id_type=3) left outer join post_user postuser3_ on (post1_.id=postuser3_.id_post and postuser3_.id_user=?) inner join media media4_ on (postmedia2_.id_media=media4_.id) where product0_.id_status=6 and (?=0 or product0_.id_user<>?) order by post1_.total_like DESC
2023-02-24 00:22:01,240 [MessageBroker-2] DEBUG org.hibernate.SQL 103 - select order0_.id as id1_9_, order0_.created_date as created_2_9_, order0_.id_buyer as id_buyer3_9_, order0_.id_product as id_produ4_9_, order0_.id_redirect as id_redir5_9_, order0_.id_seller as id_selle6_9_, order0_.id_status as id_statu7_9_, order0_.id_type as id_type8_9_, order0_.price as price9_9_, order0_.rate as rate10_9_, order0_.updated_date as updated11_9_ from orders order0_ where order0_.created_date<=? and order0_.id_status=1
2023-02-24 00:22:01,245 [MessageBroker-2] DEBUG org.hibernate.SQL 103 - select order0_.id as id1_9_0_, order0_.created_date as created_2_9_0_, order0_.id_buyer as id_buyer3_9_0_, order0_.id_product as id_produ4_9_0_, order0_.id_redirect as id_redir5_9_0_, order0_.id_seller as id_selle6_9_0_, order0_.id_status as id_statu7_9_0_, order0_.id_type as id_type8_9_0_, order0_.price as price9_9_0_, order0_.rate as rate10_9_0_, order0_.updated_date as updated11_9_0_ from orders order0_ where order0_.id=?
2023-02-24 00:22:01,250 [MessageBroker-2] DEBUG org.hibernate.SQL 103 - select order0_.id as id1_9_, order0_.created_date as created_2_9_, order0_.id_buyer as id_buyer3_9_, order0_.id_product as id_produ4_9_, order0_.id_redirect as id_redir5_9_, order0_.id_seller as id_selle6_9_, order0_.id_status as id_statu7_9_, order0_.id_type as id_type8_9_, order0_.price as price9_9_, order0_.rate as rate10_9_, order0_.updated_date as updated11_9_ from orders order0_ where order0_.id_redirect=?
2023-02-24 00:22:01,255 [MessageBroker-2] ERROR org.springframework.scheduling.support.TaskUtils$LoggingErrorHandler 96 - Unexpected error occurred in scheduled task.
org.springframework.dao.IncorrectResultSizeDataAccessException: query did not return a unique result: 10; nested exception is javax.persistence.NonUniqueResultException: query did not return a unique result: 10
	at org.springframework.orm.jpa.EntityManagerFactoryUtils.convertJpaAccessExceptionIfPossible(EntityManagerFactoryUtils.java:385)
	at org.springframework.orm.jpa.vendor.HibernateJpaDialect.translateExceptionIfPossible(HibernateJpaDialect.java:256)
	at org.springframework.orm.jpa.AbstractEntityManagerFactoryBean.translateExceptionIfPossible(AbstractEntityManagerFactoryBean.java:528)
	at org.springframework.dao.support.ChainedPersistenceExceptionTranslator.translateExceptionIfPossible(ChainedPersistenceExceptionTranslator.java:61)
	at org.springframework.dao.support.DataAccessUtils.translateIfNecessary(DataAccessUtils.java:242)
	at org.springframework.dao.support.PersistenceExceptionTranslationInterceptor.invoke(PersistenceExceptionTranslationInterceptor.java:153)
	at org.springframework.aop.framework.ReflectiveMethodInvocation.proceed(ReflectiveMethodInvocation.java:186)
	at org.springframework.data.jpa.repository.support.CrudMethodMetadataPostProcessor$CrudMethodMetadataPopulatingMethodInterceptor.invoke(CrudMethodMetadataPostProcessor.java:144)
	at org.springframework.aop.framework.ReflectiveMethodInvocation.proceed(ReflectiveMethodInvocation.java:186)
	at org.springframework.data.jpa.repository.support.CrudMethodMetadataPostProcessor$ExposeRepositoryInvocationInterceptor.invoke(CrudMethodMetadataPostProcessor.java:364)
	at org.springframework.aop.framework.ReflectiveMethodInvocation.proceed(ReflectiveMethodInvocation.java:186)
	at org.springframework.aop.interceptor.ExposeInvocationInterceptor.invoke(ExposeInvocationInterceptor.java:93)
	at org.springframework.aop.framework.ReflectiveMethodInvocation.proceed(ReflectiveMethodInvocation.java:186)
	at org.springframework.data.repository.core.support.SurroundingTransactionDetectorMethodInterceptor.invoke(SurroundingTransactionDetectorMethodInterceptor.java:61)
	at org.springframework.aop.framework.ReflectiveMethodInvocation.proceed(ReflectiveMethodInvocation.java:186)
	at org.springframework.aop.framework.JdkDynamicAopProxy.invoke(JdkDynamicAopProxy.java:212)
	at com.sun.proxy.$Proxy117.findByIdRedirect(Unknown Source)
	at com.market.online.user.service.OrderService.getByIdRedirect(OrderService.java:40)
	at com.market.online.config.scheduler.SchedulerConfig.cancelOrder(SchedulerConfig.java:54)
	at com.market.online.config.scheduler.SchedulerConfig.lambda$updateAutoCancelOrder$2(SchedulerConfig.java:46)
	at com.market.online.config.scheduler.SchedulerConfig$$Lambda$984/1323572557.accept(Unknown Source)
	at java.util.ArrayList.forEach(ArrayList.java:1249)
	at com.market.online.config.scheduler.SchedulerConfig.updateAutoCancelOrder(SchedulerConfig.java:45)
	at sun.reflect.GeneratedMethodAccessor176.invoke(Unknown Source)
	at sun.reflect.DelegatingMethodAccessorImpl.invoke(DelegatingMethodAccessorImpl.java:43)
	at java.lang.reflect.Method.invoke(Method.java:497)
	at org.springframework.scheduling.support.ScheduledMethodRunnable.run(ScheduledMethodRunnable.java:84)
	at org.springframework.scheduling.support.DelegatingErrorHandlingRunnable.run(DelegatingErrorHandlingRunnable.java:54)
	at java.util.concurrent.Executors$RunnableAdapter.call(Executors.java:511)
	at java.util.concurrent.FutureTask.runAndReset(FutureTask.java:308)
	at java.util.concurrent.ScheduledThreadPoolExecutor$ScheduledFutureTask.access$301(ScheduledThreadPoolExecutor.java:180)
	at java.util.concurrent.ScheduledThreadPoolExecutor$ScheduledFutureTask.run(ScheduledThreadPoolExecutor.java:294)
	at java.util.concurrent.ThreadPoolExecutor.runWorker(ThreadPoolExecutor.java:1142)
	at java.util.concurrent.ThreadPoolExecutor$Worker.run(ThreadPoolExecutor.java:617)
	at java.lang.Thread.run(Thread.java:745)
Caused by: javax.persistence.NonUniqueResultException: query did not return a unique result: 10
	at org.hibernate.internal.ExceptionConverterImpl.convert(ExceptionConverterImpl.java:128)
	at org.hibernate.query.internal.AbstractProducedQuery.getSingleResult(AbstractProducedQuery.java:1561)
	at org.hibernate.query.criteria.internal.compile.CriteriaQueryTypeQueryAdapter.getSingleResult(CriteriaQueryTypeQueryAdapter.java:109)
	at sun.reflect.GeneratedMethodAccessor142.invoke(Unknown Source)
	at sun.reflect.DelegatingMethodAccessorImpl.invoke(DelegatingMethodAccessorImpl.java:43)
	at java.lang.reflect.Method.invoke(Method.java:497)
	at org.springframework.orm.jpa.SharedEntityManagerCreator$DeferredQueryInvocationHandler.invoke(SharedEntityManagerCreator.java:404)
	at com.sun.proxy.$Proxy138.getSingleResult(Unknown Source)
	at org.springframework.data.jpa.repository.query.JpaQueryExecution$SingleEntityExecution.doExecute(JpaQueryExecution.java:221)
	at org.springframework.data.jpa.repository.query.JpaQueryExecution.execute(JpaQueryExecution.java:91)
	at org.springframework.data.jpa.repository.query.AbstractJpaQuery.doExecute(AbstractJpaQuery.java:136)
	at org.springframework.data.jpa.repository.query.AbstractJpaQuery.execute(AbstractJpaQuery.java:125)
	at org.springframework.data.repository.core.support.RepositoryFactorySupport$QueryExecutorMethodInterceptor.doInvoke(RepositoryFactorySupport.java:605)
	at org.springframework.data.repository.core.support.RepositoryFactorySupport$QueryExecutorMethodInterceptor.lambda$invoke$3(RepositoryFactorySupport.java:595)
	at org.springframework.data.repository.core.support.RepositoryFactorySupport$QueryExecutorMethodInterceptor$$Lambda$879/536742609.get(Unknown Source)
	at org.springframework.data.repository.util.QueryExecutionConverters$$Lambda$878/1667165965.apply(Unknown Source)
	at org.springframework.data.repository.core.support.RepositoryFactorySupport$QueryExecutorMethodInterceptor.invoke(RepositoryFactorySupport.java:595)
	at org.springframework.aop.framework.ReflectiveMethodInvocation.proceed(ReflectiveMethodInvocation.java:186)
	at org.springframework.data.projection.DefaultMethodInvokingMethodInterceptor.invoke(DefaultMethodInvokingMethodInterceptor.java:59)
	at org.springframework.aop.framework.ReflectiveMethodInvocation.proceed(ReflectiveMethodInvocation.java:186)
	at org.springframework.transaction.interceptor.TransactionInterceptor$$Lambda$877/1185317748.proceedWithInvocation(Unknown Source)
	at org.springframework.transaction.interceptor.TransactionAspectSupport.invokeWithinTransaction(TransactionAspectSupport.java:295)
	at org.springframework.transaction.interceptor.TransactionInterceptor.invoke(TransactionInterceptor.java:98)
	at org.springframework.aop.framework.ReflectiveMethodInvocation.proceed(ReflectiveMethodInvocation.java:186)
	at org.springframework.dao.support.PersistenceExceptionTranslationInterceptor.invoke(PersistenceExceptionTranslationInterceptor.java:139)
	... 29 common frames omitted
